<?xml version="1.0" encoding="UTF-8"?>
<testsuite xmlns:xsi="http://www.w3.org/2001/XMLSchema-instance" xsi:noNamespaceSchemaLocation="https://maven.apache.org/surefire/maven-surefire-plugin/xsd/surefire-test-report.xsd" name="TestLivroController" time="1.304" tests="5" errors="0" skipped="0" failures="0">
  <properties>
    <property name="sun.desktop" value="gnome"/>
    <property name="awt.toolkit" value="sun.awt.X11.XToolkit"/>
    <property name="java.specification.version" value="11"/>
    <property name="sun.cpu.isalist" value=""/>
    <property name="sun.jnu.encoding" value="UTF-8"/>
    <property name="java.class.path" value="/home/wd/Faculdade/ISS/Tra1_ISS/target/test-classes:/home/wd/Faculdade/ISS/Tra1_ISS/target/classes:/home/wd/.m2/repository/com/sun/faces/jsf-api/2.2.4/jsf-api-2.2.4.jar:/home/wd/.m2/repository/com/lowagie/itext/2.1.7/itext-2.1.7.jar:/home/wd/.m2/repository/bouncycastle/bcmail-jdk14/138/bcmail-jdk14-138.jar:/home/wd/.m2/repository/bouncycastle/bcprov-jdk14/138/bcprov-jdk14-138.jar:/home/wd/.m2/repository/org/bouncycastle/bctsp-jdk14/1.38/bctsp-jdk14-1.38.jar:/home/wd/.m2/repository/org/bouncycastle/bcprov-jdk14/1.38/bcprov-jdk14-1.38.jar:/home/wd/.m2/repository/org/bouncycastle/bcmail-jdk14/1.38/bcmail-jdk14-1.38.jar:/home/wd/.m2/repository/com/itextpdf/itextpdf/5.5.13/itextpdf-5.5.13.jar:/home/wd/.m2/repository/org/apache/poi/poi/3.17/poi-3.17.jar:/home/wd/.m2/repository/commons-codec/commons-codec/1.10/commons-codec-1.10.jar:/home/wd/.m2/repository/org/apache/commons/commons-collections4/4.1/commons-collections4-4.1.jar:/home/wd/.m2/repository/javax/javaee-api/8.0/javaee-api-8.0.jar:/home/wd/.m2/repository/com/sun/mail/javax.mail/1.6.0/javax.mail-1.6.0.jar:/home/wd/.m2/repository/javax/activation/activation/1.1/activation-1.1.jar:/home/wd/.m2/repository/org/primefaces/primefaces/5.1/primefaces-5.1.jar:/home/wd/.m2/repository/mysql/mysql-connector-java/5.1.46/mysql-connector-java-5.1.46.jar:/home/wd/.m2/repository/org/junit/jupiter/junit-jupiter-api/5.3.2/junit-jupiter-api-5.3.2.jar:/home/wd/.m2/repository/org/apiguardian/apiguardian-api/1.0.0/apiguardian-api-1.0.0.jar:/home/wd/.m2/repository/org/opentest4j/opentest4j/1.1.1/opentest4j-1.1.1.jar:/home/wd/.m2/repository/org/junit/platform/junit-platform-commons/1.3.2/junit-platform-commons-1.3.2.jar:/home/wd/.m2/repository/org/junit/jupiter/junit-jupiter-engine/5.3.2/junit-jupiter-engine-5.3.2.jar:/home/wd/.m2/repository/org/junit/platform/junit-platform-engine/1.3.2/junit-platform-engine-1.3.2.jar:/home/wd/.m2/repository/org/junit/vintage/junit-vintage-engine/5.2.0/junit-vintage-engine-5.2.0.jar:/home/wd/.m2/repository/junit/junit/4.12/junit-4.12.jar:/home/wd/.m2/repository/org/hamcrest/hamcrest-core/1.3/hamcrest-core-1.3.jar:"/>
    <property name="java.vm.vendor" value="Private Build"/>
    <property name="sun.arch.data.model" value="64"/>
    <property name="java.vendor.url" value="Unknown"/>
    <property name="user.timezone" value=""/>
    <property name="java.vm.specification.version" value="11"/>
    <property name="os.name" value="Linux"/>
    <property name="sun.java.launcher" value="SUN_STANDARD"/>
    <property name="user.country" value="BR"/>
    <property name="sun.boot.library.path" value="/usr/lib/jvm/java-11-openjdk-amd64/lib"/>
    <property name="sun.java.command" value="/home/wd/Faculdade/ISS/Tra1_ISS/target/surefire/surefirebooter4756084816978982261.jar /home/wd/Faculdade/ISS/Tra1_ISS/target/surefire 2020-01-28T23-37-32_300-jvmRun1 surefire18268908644993058595tmp surefire_010096405501666761442tmp"/>
    <property name="jdk.debug" value="release"/>
    <property name="surefire.test.class.path" value="/home/wd/Faculdade/ISS/Tra1_ISS/target/test-classes:/home/wd/Faculdade/ISS/Tra1_ISS/target/classes:/home/wd/.m2/repository/com/sun/faces/jsf-api/2.2.4/jsf-api-2.2.4.jar:/home/wd/.m2/repository/com/lowagie/itext/2.1.7/itext-2.1.7.jar:/home/wd/.m2/repository/bouncycastle/bcmail-jdk14/138/bcmail-jdk14-138.jar:/home/wd/.m2/repository/bouncycastle/bcprov-jdk14/138/bcprov-jdk14-138.jar:/home/wd/.m2/repository/org/bouncycastle/bctsp-jdk14/1.38/bctsp-jdk14-1.38.jar:/home/wd/.m2/repository/org/bouncycastle/bcprov-jdk14/1.38/bcprov-jdk14-1.38.jar:/home/wd/.m2/repository/org/bouncycastle/bcmail-jdk14/1.38/bcmail-jdk14-1.38.jar:/home/wd/.m2/repository/com/itextpdf/itextpdf/5.5.13/itextpdf-5.5.13.jar:/home/wd/.m2/repository/org/apache/poi/poi/3.17/poi-3.17.jar:/home/wd/.m2/repository/commons-codec/commons-codec/1.10/commons-codec-1.10.jar:/home/wd/.m2/repository/org/apache/commons/commons-collections4/4.1/commons-collections4-4.1.jar:/home/wd/.m2/repository/javax/javaee-api/8.0/javaee-api-8.0.jar:/home/wd/.m2/repository/com/sun/mail/javax.mail/1.6.0/javax.mail-1.6.0.jar:/home/wd/.m2/repository/javax/activation/activation/1.1/activation-1.1.jar:/home/wd/.m2/repository/org/primefaces/primefaces/5.1/primefaces-5.1.jar:/home/wd/.m2/repository/mysql/mysql-connector-java/5.1.46/mysql-connector-java-5.1.46.jar:/home/wd/.m2/repository/org/junit/jupiter/junit-jupiter-api/5.3.2/junit-jupiter-api-5.3.2.jar:/home/wd/.m2/repository/org/apiguardian/apiguardian-api/1.0.0/apiguardian-api-1.0.0.jar:/home/wd/.m2/repository/org/opentest4j/opentest4j/1.1.1/opentest4j-1.1.1.jar:/home/wd/.m2/repository/org/junit/platform/junit-platform-commons/1.3.2/junit-platform-commons-1.3.2.jar:/home/wd/.m2/repository/org/junit/jupiter/junit-jupiter-engine/5.3.2/junit-jupiter-engine-5.3.2.jar:/home/wd/.m2/repository/org/junit/platform/junit-platform-engine/1.3.2/junit-platform-engine-1.3.2.jar:/home/wd/.m2/repository/org/junit/vintage/junit-vintage-engine/5.2.0/junit-vintage-engine-5.2.0.jar:/home/wd/.m2/repository/junit/junit/4.12/junit-4.12.jar:/home/wd/.m2/repository/org/hamcrest/hamcrest-core/1.3/hamcrest-core-1.3.jar:"/>
    <property name="sun.cpu.endian" value="little"/>
    <property name="user.home" value="/home/wd"/>
    <property name="user.language" value="pt"/>
    <property name="java.specification.vendor" value="Oracle Corporation"/>
    <property name="java.version.date" value="2019-10-15"/>
    <property name="java.home" value="/usr/lib/jvm/java-11-openjdk-amd64"/>
    <property name="file.separator" value="/"/>
    <property name="basedir" value="/home/wd/Faculdade/ISS/Tra1_ISS"/>
    <property name="java.vm.compressedOopsMode" value="32-bit"/>
    <property name="line.separator" value="&#10;"/>
    <property name="java.specification.name" value="Java Platform API Specification"/>
    <property name="java.vm.specification.vendor" value="Oracle Corporation"/>
    <property name="java.awt.graphicsenv" value="sun.awt.X11GraphicsEnvironment"/>
    <property name="surefire.real.class.path" value="/home/wd/Faculdade/ISS/Tra1_ISS/target/surefire/surefirebooter4756084816978982261.jar"/>
    <property name="sun.management.compiler" value="HotSpot 64-Bit Tiered Compilers"/>
    <property name="java.runtime.version" value="11.0.5+10-post-Ubuntu-0ubuntu1.119.04"/>
    <property name="user.name" value="wd"/>
    <property name="path.separator" value=":"/>
    <property name="os.version" value="5.0.0-38-generic"/>
    <property name="java.runtime.name" value="OpenJDK Runtime Environment"/>
    <property name="file.encoding" value="UTF-8"/>
    <property name="java.vm.name" value="OpenJDK 64-Bit Server VM"/>
    <property name="localRepository" value="/home/wd/.m2/repository"/>
    <property name="java.vendor.url.bug" value="Unknown"/>
    <property name="java.io.tmpdir" value="/tmp"/>
    <property name="java.version" value="11.0.5"/>
    <property name="user.dir" value="/home/wd/Faculdade/ISS/Tra1_ISS"/>
    <property name="os.arch" value="amd64"/>
    <property name="java.vm.specification.name" value="Java Virtual Machine Specification"/>
    <property name="java.awt.printerjob" value="sun.print.PSPrinterJob"/>
    <property name="sun.os.patch.level" value="unknown"/>
    <property name="java.library.path" value="/usr/java/packages/lib:/usr/lib/x86_64-linux-gnu/jni:/lib/x86_64-linux-gnu:/usr/lib/x86_64-linux-gnu:/usr/lib/jni:/lib:/usr/lib"/>
    <property name="java.vendor" value="Private Build"/>
    <property name="java.vm.info" value="mixed mode, sharing"/>
    <property name="java.vm.version" value="11.0.5+10-post-Ubuntu-0ubuntu1.119.04"/>
    <property name="sun.io.unicode.encoding" value="UnicodeLittle"/>
    <property name="java.class.version" value="55.0"/>
  </properties>
  <testcase name="testDeleteLivro" classname="TestLivroController" time="0.827"/>
  <testcase name="testUpdateLivro" classname="TestLivroController" time="0.176"/>
  <testcase name="testConsultaLivro" classname="TestLivroController" time="0.187"/>
  <testcase name="testControle" classname="TestLivroController" time="0.026"/>
  <testcase name="testCadastroLivro" classname="TestLivroController" time="0.068"/>
</testsuite>